2021-12-23 09:59:31,406 INFO org.springframework.boot.StartupInfoLogger [main] Starting Proyecto1Application using Java 1.8.0_20 on JDIAZ with PID 21788 (C:\Spring Tools\sts-4.11.1.RELEASE\workspace\proyecto1\target\classes started by anderson in C:\Spring Tools\sts-4.11.1.RELEASE\workspace\proyecto1)
2021-12-23 09:59:31,420 DEBUG org.springframework.boot.StartupInfoLogger [main] Running with Spring Boot v2.4.10, Spring v5.3.9
2021-12-23 09:59:31,421 INFO org.springframework.boot.SpringApplication [main] No active profile set, falling back to default profiles: default
2021-12-23 09:59:45,802 INFO com.example.demo.aspect.SaludoLog [main] ---------Starting Interceptor --------------------
2021-12-23 09:59:45,803 INFO com.example.demo.aspect.SaludoLog [main] the intercepted method is: entityManagerFactory, of the class: com.example.demo.config.DatasourceConfig, with the following arguments  >>>
2021-12-23 09:59:46,042 INFO com.example.demo.aspect.SaludoLog [main] ---------Starting Interceptor --------------------
2021-12-23 09:59:46,043 INFO com.example.demo.aspect.SaludoLog [main] the intercepted method is: datasource, of the class: com.example.demo.config.DatasourceConfig, with the following arguments  >>>
2021-12-23 09:59:47,463 INFO com.example.demo.aspect.SaludoLog [main] <<< Return << datasource: HikariDataSource (null)
2021-12-23 09:59:47,471 INFO com.example.demo.aspect.SaludoLog [main] execution time: 1422 ms
2021-12-23 09:59:47,656 INFO com.example.demo.aspect.SaludoLog [main] <<< Return << entityManagerFactory: org.springframework.orm.jpa.LocalContainerEntityManagerFactoryBean@1557c37
2021-12-23 09:59:47,657 INFO com.example.demo.aspect.SaludoLog [main] execution time: 1613 ms
2021-12-23 10:00:18,663 INFO com.example.demo.aspect.SaludoLog [main] ---------Starting Interceptor --------------------
2021-12-23 10:00:18,664 INFO com.example.demo.aspect.SaludoLog [main] the intercepted method is: transactionManager, of the class: com.example.demo.config.DatasourceConfig, with the following arguments  >>>
2021-12-23 10:00:18,701 INFO com.example.demo.aspect.SaludoLog [main] <<< Return << transactionManager: org.springframework.orm.jpa.JpaTransactionManager@195654c
2021-12-23 10:00:18,702 INFO com.example.demo.aspect.SaludoLog [main] execution time: 38 ms
2021-12-23 10:00:18,761 INFO com.example.demo.aspect.SaludoLog [main] ---------Starting Interceptor --------------------
2021-12-23 10:00:18,762 INFO com.example.demo.aspect.SaludoLog [main] the intercepted method is: api, of the class: com.example.demo.config.SwaggerConfig, with the following arguments  >>>
2021-12-23 10:00:19,003 INFO com.example.demo.aspect.SaludoLog [main] <<< Return << api: springfox.documentation.spring.web.plugins.Docket@1355a56
2021-12-23 10:00:19,004 INFO com.example.demo.aspect.SaludoLog [main] execution time: 242 ms
2021-12-23 10:00:23,627 INFO org.springframework.boot.StartupInfoLogger [main] Started Proyecto1Application in 55.405 seconds (JVM running for 83.127)
2021-12-23 10:24:50,270 INFO com.example.demo.aspect.SaludoLog [http-nio-8090-exec-5] ---------Starting Interceptor --------------------
2021-12-23 10:24:50,272 INFO com.example.demo.aspect.SaludoLog [http-nio-8090-exec-5] the intercepted method is: listAllUsuarios, of the class: com.example.demo.controllers.ControllerBasic, with the following arguments  >>> ARG: {},
2021-12-23 10:24:50,314 INFO com.example.demo.aspect.SaludoLog [http-nio-8090-exec-5] ---------Starting Interceptor --------------------
2021-12-23 10:24:50,316 INFO com.example.demo.aspect.SaludoLog [http-nio-8090-exec-5] the intercepted method is: listAllUsuario, of the class: com.example.demo.service.Impl.UsuarioServiceImpl, with the following arguments  >>>
2021-12-23 10:24:51,102 INFO com.example.demo.aspect.SaludoLog [http-nio-8090-exec-5] <<< Return << listAllUsuario: [com.example.demo.model.Usuario@1b8e308, com.example.demo.model.Usuario@145364e, com.example.demo.model.Usuario@ee97e1, com.example.demo.model.Usuario@cfc4f0, com.example.demo.model.Usuario@484775]
2021-12-23 10:24:51,103 INFO com.example.demo.aspect.SaludoLog [http-nio-8090-exec-5] execution time: 787 ms
2021-12-23 10:24:51,104 INFO com.example.demo.aspect.SaludoLog [http-nio-8090-exec-5] <<< Return << listAllUsuarios: list
2021-12-23 10:24:51,105 INFO com.example.demo.aspect.SaludoLog [http-nio-8090-exec-5] execution time: 789 ms
2021-12-23 10:24:59,149 INFO com.example.demo.aspect.SaludoLog [http-nio-8090-exec-8] ---------Starting Interceptor --------------------
2021-12-23 10:24:59,151 INFO com.example.demo.aspect.SaludoLog [http-nio-8090-exec-8] the intercepted method is: editUsuario, of the class: com.example.demo.controllers.ControllerBasic, with the following arguments  >>> ARG: 5,
2021-12-23 10:24:59,152 INFO com.example.demo.aspect.SaludoLog [http-nio-8090-exec-8] ---------Starting Interceptor --------------------
2021-12-23 10:24:59,153 INFO com.example.demo.aspect.SaludoLog [http-nio-8090-exec-8] the intercepted method is: findUsuarioById, of the class: com.example.demo.service.Impl.UsuarioServiceImpl, with the following arguments  >>> ARG: 5,
2021-12-23 10:24:59,286 INFO com.example.demo.aspect.SaludoLog [http-nio-8090-exec-8] <<< Return << findUsuarioById: com.example.demo.model.Usuario@b89a80
2021-12-23 10:24:59,287 INFO com.example.demo.aspect.SaludoLog [http-nio-8090-exec-8] execution time: 134 ms
2021-12-23 10:24:59,289 INFO com.example.demo.aspect.SaludoLog [http-nio-8090-exec-8] <<< Return << editUsuario: ModelAndView [view="editar"; model=null]
2021-12-23 10:24:59,290 INFO com.example.demo.aspect.SaludoLog [http-nio-8090-exec-8] execution time: 137 ms
2021-12-23 10:26:51,855 INFO com.example.demo.aspect.SaludoLog [http-nio-8090-exec-3] ---------Starting Interceptor --------------------
2021-12-23 10:26:51,857 INFO com.example.demo.aspect.SaludoLog [http-nio-8090-exec-3] the intercepted method is: editUsuario, of the class: com.example.demo.controllers.ControllerBasic, with the following arguments  >>> ARG: 5,
2021-12-23 10:26:51,858 INFO com.example.demo.aspect.SaludoLog [http-nio-8090-exec-3] ---------Starting Interceptor --------------------
2021-12-23 10:26:51,859 INFO com.example.demo.aspect.SaludoLog [http-nio-8090-exec-3] the intercepted method is: findUsuarioById, of the class: com.example.demo.service.Impl.UsuarioServiceImpl, with the following arguments  >>> ARG: 5,
2021-12-23 10:26:51,872 INFO com.example.demo.aspect.SaludoLog [http-nio-8090-exec-3] <<< Return << findUsuarioById: com.example.demo.model.Usuario@12b7691
2021-12-23 10:26:51,873 INFO com.example.demo.aspect.SaludoLog [http-nio-8090-exec-3] execution time: 14 ms
2021-12-23 10:26:51,874 INFO com.example.demo.aspect.SaludoLog [http-nio-8090-exec-3] <<< Return << editUsuario: ModelAndView [view="editar"; model=null]
2021-12-23 10:26:51,875 INFO com.example.demo.aspect.SaludoLog [http-nio-8090-exec-3] execution time: 16 ms
2021-12-23 10:28:49,857 INFO org.springframework.boot.StartupInfoLogger [main] Starting Proyecto1Application using Java 1.8.0_20 on JDIAZ with PID 11656 (C:\Spring Tools\sts-4.11.1.RELEASE\workspace\proyecto1\target\classes started by anderson in C:\Spring Tools\sts-4.11.1.RELEASE\workspace\proyecto1)
2021-12-23 10:28:49,867 DEBUG org.springframework.boot.StartupInfoLogger [main] Running with Spring Boot v2.4.10, Spring v5.3.9
2021-12-23 10:28:49,868 INFO org.springframework.boot.SpringApplication [main] No active profile set, falling back to default profiles: default
2021-12-23 10:28:57,993 INFO com.example.demo.aspect.SaludoLog [main] ---------Starting Interceptor --------------------
2021-12-23 10:28:57,997 INFO com.example.demo.aspect.SaludoLog [main] the intercepted method is: entityManagerFactory, of the class: com.example.demo.config.DatasourceConfig, with the following arguments  >>>
2021-12-23 10:28:58,055 INFO com.example.demo.aspect.SaludoLog [main] ---------Starting Interceptor --------------------
2021-12-23 10:28:58,056 INFO com.example.demo.aspect.SaludoLog [main] the intercepted method is: datasource, of the class: com.example.demo.config.DatasourceConfig, with the following arguments  >>>
2021-12-23 10:28:58,454 INFO com.example.demo.aspect.SaludoLog [main] <<< Return << datasource: HikariDataSource (null)
2021-12-23 10:28:58,460 INFO com.example.demo.aspect.SaludoLog [main] execution time: 399 ms
2021-12-23 10:28:58,553 INFO com.example.demo.aspect.SaludoLog [main] <<< Return << entityManagerFactory: org.springframework.orm.jpa.LocalContainerEntityManagerFactoryBean@1be445f
2021-12-23 10:28:58,554 INFO com.example.demo.aspect.SaludoLog [main] execution time: 498 ms
2021-12-23 10:29:11,722 INFO com.example.demo.aspect.SaludoLog [main] ---------Starting Interceptor --------------------
2021-12-23 10:29:11,732 INFO com.example.demo.aspect.SaludoLog [main] the intercepted method is: transactionManager, of the class: com.example.demo.config.DatasourceConfig, with the following arguments  >>>
2021-12-23 10:29:11,764 INFO com.example.demo.aspect.SaludoLog [main] <<< Return << transactionManager: org.springframework.orm.jpa.JpaTransactionManager@1e156f4
2021-12-23 10:29:11,765 INFO com.example.demo.aspect.SaludoLog [main] execution time: 34 ms
2021-12-23 10:29:11,811 INFO com.example.demo.aspect.SaludoLog [main] ---------Starting Interceptor --------------------
2021-12-23 10:29:11,812 INFO com.example.demo.aspect.SaludoLog [main] the intercepted method is: api, of the class: com.example.demo.config.SwaggerConfig, with the following arguments  >>>
2021-12-23 10:29:11,837 INFO com.example.demo.aspect.SaludoLog [main] <<< Return << api: springfox.documentation.spring.web.plugins.Docket@135370b
2021-12-23 10:29:11,838 INFO com.example.demo.aspect.SaludoLog [main] execution time: 26 ms
2021-12-23 10:29:15,110 INFO org.springframework.boot.StartupInfoLogger [main] Started Proyecto1Application in 27.173 seconds (JVM running for 31.41)
2021-12-23 10:29:22,738 INFO com.example.demo.aspect.SaludoLog [http-nio-8090-exec-3] ---------Starting Interceptor --------------------
2021-12-23 10:29:22,739 INFO com.example.demo.aspect.SaludoLog [http-nio-8090-exec-3] the intercepted method is: editUsuario, of the class: com.example.demo.controllers.ControllerBasic, with the following arguments  >>> ARG: 5,
2021-12-23 10:29:22,754 INFO com.example.demo.aspect.SaludoLog [http-nio-8090-exec-3] ---------Starting Interceptor --------------------
2021-12-23 10:29:22,755 INFO com.example.demo.aspect.SaludoLog [http-nio-8090-exec-3] the intercepted method is: findUsuarioById, of the class: com.example.demo.service.Impl.UsuarioServiceImpl, with the following arguments  >>> ARG: 5,
2021-12-23 10:29:23,063 INFO com.example.demo.aspect.SaludoLog [http-nio-8090-exec-3] <<< Return << findUsuarioById: com.example.demo.model.Usuario@104db30
2021-12-23 10:29:23,064 INFO com.example.demo.aspect.SaludoLog [http-nio-8090-exec-3] execution time: 309 ms
2021-12-23 10:29:23,065 INFO com.example.demo.aspect.SaludoLog [http-nio-8090-exec-3] <<< Return << editUsuario: ModelAndView [view="editar"; model=null]
2021-12-23 10:29:23,066 INFO com.example.demo.aspect.SaludoLog [http-nio-8090-exec-3] execution time: 311 ms
2021-12-23 10:40:50,496 INFO com.example.demo.aspect.SaludoLog [http-nio-8090-exec-3] ---------Starting Interceptor --------------------
2021-12-23 10:40:50,497 INFO com.example.demo.aspect.SaludoLog [http-nio-8090-exec-3] the intercepted method is: listAllUsuarios, of the class: com.example.demo.controllers.ControllerBasic, with the following arguments  >>> ARG: {},
2021-12-23 10:40:50,498 INFO com.example.demo.aspect.SaludoLog [http-nio-8090-exec-3] ---------Starting Interceptor --------------------
2021-12-23 10:40:50,499 INFO com.example.demo.aspect.SaludoLog [http-nio-8090-exec-3] the intercepted method is: listAllUsuario, of the class: com.example.demo.service.Impl.UsuarioServiceImpl, with the following arguments  >>>
2021-12-23 10:40:51,584 INFO com.example.demo.aspect.SaludoLog [http-nio-8090-exec-3] <<< Return << listAllUsuario: [com.example.demo.model.Usuario@52b899, com.example.demo.model.Usuario@d091a7, com.example.demo.model.Usuario@1cc7239, com.example.demo.model.Usuario@18a78cc, com.example.demo.model.Usuario@838394]
2021-12-23 10:40:51,585 INFO com.example.demo.aspect.SaludoLog [http-nio-8090-exec-3] execution time: 1086 ms
2021-12-23 10:40:51,587 INFO com.example.demo.aspect.SaludoLog [http-nio-8090-exec-3] <<< Return << listAllUsuarios: list
2021-12-23 10:40:51,587 INFO com.example.demo.aspect.SaludoLog [http-nio-8090-exec-3] execution time: 1088 ms
2021-12-23 10:41:01,772 INFO com.example.demo.aspect.SaludoLog [http-nio-8090-exec-8] ---------Starting Interceptor --------------------
2021-12-23 10:41:01,774 INFO com.example.demo.aspect.SaludoLog [http-nio-8090-exec-8] the intercepted method is: editUsuario, of the class: com.example.demo.controllers.ControllerBasic, with the following arguments  >>> ARG: 5,
2021-12-23 10:41:01,775 INFO com.example.demo.aspect.SaludoLog [http-nio-8090-exec-8] ---------Starting Interceptor --------------------
2021-12-23 10:41:01,776 INFO com.example.demo.aspect.SaludoLog [http-nio-8090-exec-8] the intercepted method is: findUsuarioById, of the class: com.example.demo.service.Impl.UsuarioServiceImpl, with the following arguments  >>> ARG: 5,
2021-12-23 10:41:01,818 INFO com.example.demo.aspect.SaludoLog [http-nio-8090-exec-8] <<< Return << findUsuarioById: com.example.demo.model.Usuario@1f30534
2021-12-23 10:41:01,819 INFO com.example.demo.aspect.SaludoLog [http-nio-8090-exec-8] execution time: 43 ms
2021-12-23 10:41:01,820 INFO com.example.demo.aspect.SaludoLog [http-nio-8090-exec-8] <<< Return << editUsuario: ModelAndView [view="editar"; model=null]
2021-12-23 10:41:01,821 INFO com.example.demo.aspect.SaludoLog [http-nio-8090-exec-8] execution time: 45 ms
2021-12-23 10:42:15,373 INFO com.example.demo.aspect.SaludoLog [http-nio-8090-exec-5] ---------Starting Interceptor --------------------
2021-12-23 10:42:15,377 INFO com.example.demo.aspect.SaludoLog [http-nio-8090-exec-5] the intercepted method is: listAllUsuarios, of the class: com.example.demo.controllers.ControllerBasic, with the following arguments  >>> ARG: {},
2021-12-23 10:42:15,379 INFO com.example.demo.aspect.SaludoLog [http-nio-8090-exec-5] ---------Starting Interceptor --------------------
2021-12-23 10:42:15,380 INFO com.example.demo.aspect.SaludoLog [http-nio-8090-exec-5] the intercepted method is: listAllUsuario, of the class: com.example.demo.service.Impl.UsuarioServiceImpl, with the following arguments  >>>
2021-12-23 10:42:15,396 INFO com.example.demo.aspect.SaludoLog [http-nio-8090-exec-5] <<< Return << listAllUsuario: [com.example.demo.model.Usuario@1962450, com.example.demo.model.Usuario@bea05f, com.example.demo.model.Usuario@8d602c, com.example.demo.model.Usuario@cdf0e1, com.example.demo.model.Usuario@7f20c]
2021-12-23 10:42:15,397 INFO com.example.demo.aspect.SaludoLog [http-nio-8090-exec-5] execution time: 17 ms
2021-12-23 10:42:15,398 INFO com.example.demo.aspect.SaludoLog [http-nio-8090-exec-5] <<< Return << listAllUsuarios: list
2021-12-23 10:42:15,399 INFO com.example.demo.aspect.SaludoLog [http-nio-8090-exec-5] execution time: 19 ms
2021-12-23 10:42:17,586 INFO com.example.demo.aspect.SaludoLog [http-nio-8090-exec-6] ---------Starting Interceptor --------------------
2021-12-23 10:42:17,588 INFO com.example.demo.aspect.SaludoLog [http-nio-8090-exec-6] the intercepted method is: newUsuario, of the class: com.example.demo.controllers.ControllerBasic, with the following arguments  >>> ARG: {},
2021-12-23 10:42:17,589 INFO com.example.demo.aspect.SaludoLog [http-nio-8090-exec-6] <<< Return << newUsuario: crear
2021-12-23 10:42:17,589 INFO com.example.demo.aspect.SaludoLog [http-nio-8090-exec-6] execution time: 1 ms
2021-12-23 10:42:22,250 INFO com.example.demo.aspect.SaludoLog [http-nio-8090-exec-8] ---------Starting Interceptor --------------------
2021-12-23 10:42:22,251 INFO com.example.demo.aspect.SaludoLog [http-nio-8090-exec-8] the intercepted method is: addUsuario, of the class: com.example.demo.controllers.ControllerBasic, with the following arguments  >>> ARG: com.example.demo.model.Usuario@1a244fc,
2021-12-23 10:42:22,252 INFO com.example.demo.aspect.SaludoLog [http-nio-8090-exec-8] ---------Starting Interceptor --------------------
2021-12-23 10:42:22,253 INFO com.example.demo.aspect.SaludoLog [http-nio-8090-exec-8] the intercepted method is: addUsuario, of the class: com.example.demo.service.Impl.UsuarioServiceImpl, with the following arguments  >>> ARG: com.example.demo.model.Usuario@1a244fc,
2021-12-23 10:42:22,539 INFO com.example.demo.aspect.SaludoLog [http-nio-8090-exec-8] <<< Return << addUsuario: com.example.demo.model.Usuario@1a244fc
2021-12-23 10:42:22,541 INFO com.example.demo.aspect.SaludoLog [http-nio-8090-exec-8] execution time: 287 ms
2021-12-23 10:42:22,542 INFO com.example.demo.aspect.SaludoLog [http-nio-8090-exec-8] <<< Return << addUsuario: redirect:/hola/listUsuario
2021-12-23 10:42:22,543 INFO com.example.demo.aspect.SaludoLog [http-nio-8090-exec-8] execution time: 290 ms
2021-12-23 10:42:22,580 INFO com.example.demo.aspect.SaludoLog [http-nio-8090-exec-9] ---------Starting Interceptor --------------------
2021-12-23 10:42:22,581 INFO com.example.demo.aspect.SaludoLog [http-nio-8090-exec-9] the intercepted method is: listAllUsuarios, of the class: com.example.demo.controllers.ControllerBasic, with the following arguments  >>> ARG: {},
2021-12-23 10:42:22,582 INFO com.example.demo.aspect.SaludoLog [http-nio-8090-exec-9] ---------Starting Interceptor --------------------
2021-12-23 10:42:22,583 INFO com.example.demo.aspect.SaludoLog [http-nio-8090-exec-9] the intercepted method is: listAllUsuario, of the class: com.example.demo.service.Impl.UsuarioServiceImpl, with the following arguments  >>>
2021-12-23 10:42:22,596 INFO com.example.demo.aspect.SaludoLog [http-nio-8090-exec-9] <<< Return << listAllUsuario: [com.example.demo.model.Usuario@158083c, com.example.demo.model.Usuario@7ad145, com.example.demo.model.Usuario@1248ab2, com.example.demo.model.Usuario@5c6002, com.example.demo.model.Usuario@169f6b4, com.example.demo.model.Usuario@12fe525]
2021-12-23 10:42:22,597 INFO com.example.demo.aspect.SaludoLog [http-nio-8090-exec-9] execution time: 14 ms
2021-12-23 10:42:22,598 INFO com.example.demo.aspect.SaludoLog [http-nio-8090-exec-9] <<< Return << listAllUsuarios: list
2021-12-23 10:42:22,598 INFO com.example.demo.aspect.SaludoLog [http-nio-8090-exec-9] execution time: 15 ms
2021-12-23 10:42:26,122 INFO com.example.demo.aspect.SaludoLog [http-nio-8090-exec-3] ---------Starting Interceptor --------------------
2021-12-23 10:42:26,124 INFO com.example.demo.aspect.SaludoLog [http-nio-8090-exec-3] the intercepted method is: eliminarUsuario, of the class: com.example.demo.controllers.ControllerBasic, with the following arguments  >>> ARG: 5,
2021-12-23 10:42:26,124 INFO com.example.demo.aspect.SaludoLog [http-nio-8090-exec-3] ---------Starting Interceptor --------------------
2021-12-23 10:42:26,125 INFO com.example.demo.aspect.SaludoLog [http-nio-8090-exec-3] the intercepted method is: removerUsuario, of the class: com.example.demo.service.Impl.UsuarioServiceImpl, with the following arguments  >>> ARG: 5,
2021-12-23 10:42:26,315 INFO com.example.demo.aspect.SaludoLog [http-nio-8090-exec-3] <<< Return << removerUsuario: null
2021-12-23 10:42:26,316 INFO com.example.demo.aspect.SaludoLog [http-nio-8090-exec-3] execution time: 191 ms
2021-12-23 10:42:26,318 INFO com.example.demo.aspect.SaludoLog [http-nio-8090-exec-3] <<< Return << eliminarUsuario: redirect:/hola/listUsuario
2021-12-23 10:42:26,319 INFO com.example.demo.aspect.SaludoLog [http-nio-8090-exec-3] execution time: 194 ms
2021-12-23 10:42:26,339 INFO com.example.demo.aspect.SaludoLog [http-nio-8090-exec-4] ---------Starting Interceptor --------------------
2021-12-23 10:42:26,340 INFO com.example.demo.aspect.SaludoLog [http-nio-8090-exec-4] the intercepted method is: listAllUsuarios, of the class: com.example.demo.controllers.ControllerBasic, with the following arguments  >>> ARG: {},
2021-12-23 10:42:26,341 INFO com.example.demo.aspect.SaludoLog [http-nio-8090-exec-4] ---------Starting Interceptor --------------------
2021-12-23 10:42:26,342 INFO com.example.demo.aspect.SaludoLog [http-nio-8090-exec-4] the intercepted method is: listAllUsuario, of the class: com.example.demo.service.Impl.UsuarioServiceImpl, with the following arguments  >>>
2021-12-23 10:42:26,367 INFO com.example.demo.aspect.SaludoLog [http-nio-8090-exec-4] <<< Return << listAllUsuario: [com.example.demo.model.Usuario@1831141, com.example.demo.model.Usuario@13625de, com.example.demo.model.Usuario@1c509c, com.example.demo.model.Usuario@1bcddf3, com.example.demo.model.Usuario@e6d29c]
2021-12-23 10:42:26,368 INFO com.example.demo.aspect.SaludoLog [http-nio-8090-exec-4] execution time: 26 ms
2021-12-23 10:42:26,369 INFO com.example.demo.aspect.SaludoLog [http-nio-8090-exec-4] <<< Return << listAllUsuarios: list
2021-12-23 10:42:26,371 INFO com.example.demo.aspect.SaludoLog [http-nio-8090-exec-4] execution time: 29 ms
