2021-12-16 11:55:32,198 INFO org.springframework.boot.StartupInfoLogger [main] Starting Proyecto1Application using Java 1.8.0_20 on JDIAZ with PID 11328 (C:\Spring Tools\sts-4.11.1.RELEASE\workspace\proyecto1\target\classes started by anderson in C:\Spring Tools\sts-4.11.1.RELEASE\workspace\proyecto1)
2021-12-16 11:55:32,200 DEBUG org.springframework.boot.StartupInfoLogger [main] Running with Spring Boot v2.4.10, Spring v5.3.9
2021-12-16 11:55:32,201 INFO org.springframework.boot.SpringApplication [main] No active profile set, falling back to default profiles: default
2021-12-16 11:55:37,092 INFO com.example.demo.aspect.SaludoLog [main] ---------Starting Interceptor --------------------
2021-12-16 11:55:37,095 INFO com.example.demo.aspect.SaludoLog [main] the intercepted method is: entityManagerFactory, of the class: com.example.demo.config.DatasourceConfig, with the following arguments  >>>
2021-12-16 11:55:37,125 INFO com.example.demo.aspect.SaludoLog [main] ---------Starting Interceptor --------------------
2021-12-16 11:55:37,126 INFO com.example.demo.aspect.SaludoLog [main] the intercepted method is: datasource, of the class: com.example.demo.config.DatasourceConfig, with the following arguments  >>>
2021-12-16 11:55:37,273 INFO com.example.demo.aspect.SaludoLog [main] <<< Return << datasource: HikariDataSource (null)
2021-12-16 11:55:37,278 INFO com.example.demo.aspect.SaludoLog [main] execution time: 148 ms
2021-12-16 11:55:37,330 INFO com.example.demo.aspect.SaludoLog [main] <<< Return << entityManagerFactory: org.springframework.orm.jpa.LocalContainerEntityManagerFactoryBean@14179fa
2021-12-16 11:55:37,331 INFO com.example.demo.aspect.SaludoLog [main] execution time: 205 ms
2021-12-16 11:55:41,969 INFO com.example.demo.aspect.SaludoLog [main] ---------Starting Interceptor --------------------
2021-12-16 11:55:41,970 INFO com.example.demo.aspect.SaludoLog [main] the intercepted method is: transactionManager, of the class: com.example.demo.config.DatasourceConfig, with the following arguments  >>>
2021-12-16 11:55:41,990 INFO com.example.demo.aspect.SaludoLog [main] <<< Return << transactionManager: org.springframework.orm.jpa.JpaTransactionManager@7ea46
2021-12-16 11:55:41,990 INFO com.example.demo.aspect.SaludoLog [main] execution time: 20 ms
2021-12-16 11:55:42,023 INFO com.example.demo.aspect.SaludoLog [main] ---------Starting Interceptor --------------------
2021-12-16 11:55:42,023 INFO com.example.demo.aspect.SaludoLog [main] the intercepted method is: api, of the class: com.example.demo.config.SwaggerConfig, with the following arguments  >>>
2021-12-16 11:55:42,045 INFO com.example.demo.aspect.SaludoLog [main] <<< Return << api: springfox.documentation.spring.web.plugins.Docket@1d97fd1
2021-12-16 11:55:42,045 INFO com.example.demo.aspect.SaludoLog [main] execution time: 22 ms
2021-12-16 11:55:44,572 INFO org.springframework.boot.StartupInfoLogger [main] Started Proyecto1Application in 13.352 seconds (JVM running for 14.864)
2021-12-16 11:55:53,411 INFO com.example.demo.aspect.SaludoLog [http-nio-8090-exec-1] ---------Starting Interceptor --------------------
2021-12-16 11:55:53,412 INFO com.example.demo.aspect.SaludoLog [http-nio-8090-exec-1] the intercepted method is: listAllUsuarios, of the class: com.example.demo.controllers.ControllerBasic, with the following arguments  >>> ARG: {},
2021-12-16 11:55:53,420 INFO com.example.demo.aspect.SaludoLog [http-nio-8090-exec-1] ---------Starting Interceptor --------------------
2021-12-16 11:55:53,421 INFO com.example.demo.aspect.SaludoLog [http-nio-8090-exec-1] the intercepted method is: listAllUsuario, of the class: com.example.demo.service.Impl.UsuarioServiceImpl, with the following arguments  >>>
2021-12-16 11:55:53,886 INFO com.example.demo.aspect.SaludoLog [http-nio-8090-exec-1] <<< Return << listAllUsuario: [com.example.demo.model.Usuario@181e3f4, com.example.demo.model.Usuario@1853ab8, com.example.demo.model.Usuario@9e1ee, com.example.demo.model.Usuario@76bfc6, com.example.demo.model.Usuario@98d57c, com.example.demo.model.Usuario@267c6d, com.example.demo.model.Usuario@135f596]
2021-12-16 11:55:53,887 INFO com.example.demo.aspect.SaludoLog [http-nio-8090-exec-1] execution time: 466 ms
2021-12-16 11:55:53,888 INFO com.example.demo.aspect.SaludoLog [http-nio-8090-exec-1] <<< Return << listAllUsuarios: list
2021-12-16 11:55:53,889 INFO com.example.demo.aspect.SaludoLog [http-nio-8090-exec-1] execution time: 468 ms
2021-12-16 15:55:24,701 INFO org.springframework.boot.StartupInfoLogger [main] Starting Proyecto1Application using Java 1.8.0_20 on JDIAZ with PID 14472 (C:\Spring Tools\sts-4.11.1.RELEASE\workspace\proyecto1\target\classes started by anderson in C:\Spring Tools\sts-4.11.1.RELEASE\workspace\proyecto1)
2021-12-16 15:55:24,704 DEBUG org.springframework.boot.StartupInfoLogger [main] Running with Spring Boot v2.4.10, Spring v5.3.9
2021-12-16 15:55:24,705 INFO org.springframework.boot.SpringApplication [main] No active profile set, falling back to default profiles: default
2021-12-16 15:55:31,063 INFO com.example.demo.aspect.SaludoLog [main] ---------Starting Interceptor --------------------
2021-12-16 15:55:31,065 INFO com.example.demo.aspect.SaludoLog [main] the intercepted method is: entityManagerFactory, of the class: com.example.demo.config.DatasourceConfig, with the following arguments  >>>
2021-12-16 15:55:31,109 INFO com.example.demo.aspect.SaludoLog [main] ---------Starting Interceptor --------------------
2021-12-16 15:55:31,110 INFO com.example.demo.aspect.SaludoLog [main] the intercepted method is: datasource, of the class: com.example.demo.config.DatasourceConfig, with the following arguments  >>>
2021-12-16 15:55:31,379 INFO com.example.demo.aspect.SaludoLog [main] <<< Return << datasource: HikariDataSource (null)
2021-12-16 15:55:31,384 INFO com.example.demo.aspect.SaludoLog [main] execution time: 270 ms
2021-12-16 15:55:31,438 INFO com.example.demo.aspect.SaludoLog [main] <<< Return << entityManagerFactory: org.springframework.orm.jpa.LocalContainerEntityManagerFactoryBean@db6fca
2021-12-16 15:55:31,439 INFO com.example.demo.aspect.SaludoLog [main] execution time: 328 ms
2021-12-16 15:55:37,856 INFO com.example.demo.aspect.SaludoLog [main] ---------Starting Interceptor --------------------
2021-12-16 15:55:37,857 INFO com.example.demo.aspect.SaludoLog [main] the intercepted method is: transactionManager, of the class: com.example.demo.config.DatasourceConfig, with the following arguments  >>>
2021-12-16 15:55:37,882 INFO com.example.demo.aspect.SaludoLog [main] <<< Return << transactionManager: org.springframework.orm.jpa.JpaTransactionManager@144c323
2021-12-16 15:55:37,882 INFO com.example.demo.aspect.SaludoLog [main] execution time: 25 ms
2021-12-16 15:55:37,916 INFO com.example.demo.aspect.SaludoLog [main] ---------Starting Interceptor --------------------
2021-12-16 15:55:37,917 INFO com.example.demo.aspect.SaludoLog [main] the intercepted method is: api, of the class: com.example.demo.config.SwaggerConfig, with the following arguments  >>>
2021-12-16 15:55:37,938 INFO com.example.demo.aspect.SaludoLog [main] <<< Return << api: springfox.documentation.spring.web.plugins.Docket@19b4cff
2021-12-16 15:55:37,938 INFO com.example.demo.aspect.SaludoLog [main] execution time: 21 ms
2021-12-16 15:55:41,008 INFO org.springframework.boot.StartupInfoLogger [main] Started Proyecto1Application in 17.578 seconds (JVM running for 20.907)
2021-12-16 15:58:10,253 INFO org.springframework.boot.StartupInfoLogger [main] Starting Proyecto1Application using Java 1.8.0_20 on JDIAZ with PID 14572 (C:\Spring Tools\sts-4.11.1.RELEASE\workspace\proyecto1\target\classes started by anderson in C:\Spring Tools\sts-4.11.1.RELEASE\workspace\proyecto1)
2021-12-16 15:58:10,257 DEBUG org.springframework.boot.StartupInfoLogger [main] Running with Spring Boot v2.4.10, Spring v5.3.9
2021-12-16 15:58:10,258 INFO org.springframework.boot.SpringApplication [main] No active profile set, falling back to default profiles: default
2021-12-16 15:58:15,243 INFO com.example.demo.aspect.SaludoLog [main] ---------Starting Interceptor --------------------
2021-12-16 15:58:15,245 INFO com.example.demo.aspect.SaludoLog [main] the intercepted method is: entityManagerFactory, of the class: com.example.demo.config.DatasourceConfig, with the following arguments  >>>
2021-12-16 15:58:15,291 INFO com.example.demo.aspect.SaludoLog [main] ---------Starting Interceptor --------------------
2021-12-16 15:58:15,292 INFO com.example.demo.aspect.SaludoLog [main] the intercepted method is: datasource, of the class: com.example.demo.config.DatasourceConfig, with the following arguments  >>>
2021-12-16 15:58:15,464 INFO com.example.demo.aspect.SaludoLog [main] <<< Return << datasource: HikariDataSource (null)
2021-12-16 15:58:15,470 INFO com.example.demo.aspect.SaludoLog [main] execution time: 173 ms
2021-12-16 15:58:15,526 INFO com.example.demo.aspect.SaludoLog [main] <<< Return << entityManagerFactory: org.springframework.orm.jpa.LocalContainerEntityManagerFactoryBean@1a93755
2021-12-16 15:58:15,527 INFO com.example.demo.aspect.SaludoLog [main] execution time: 235 ms
2021-12-16 15:58:21,522 INFO com.example.demo.aspect.SaludoLog [main] ---------Starting Interceptor --------------------
2021-12-16 15:58:21,523 INFO com.example.demo.aspect.SaludoLog [main] the intercepted method is: transactionManager, of the class: com.example.demo.config.DatasourceConfig, with the following arguments  >>>
2021-12-16 15:58:21,554 INFO com.example.demo.aspect.SaludoLog [main] <<< Return << transactionManager: org.springframework.orm.jpa.JpaTransactionManager@1ade216
2021-12-16 15:58:21,554 INFO com.example.demo.aspect.SaludoLog [main] execution time: 31 ms
2021-12-16 15:58:21,592 INFO com.example.demo.aspect.SaludoLog [main] ---------Starting Interceptor --------------------
2021-12-16 15:58:21,593 INFO com.example.demo.aspect.SaludoLog [main] the intercepted method is: api, of the class: com.example.demo.config.SwaggerConfig, with the following arguments  >>>
2021-12-16 15:58:21,618 INFO com.example.demo.aspect.SaludoLog [main] <<< Return << api: springfox.documentation.spring.web.plugins.Docket@1a86c53
2021-12-16 15:58:21,618 INFO com.example.demo.aspect.SaludoLog [main] execution time: 25 ms
2021-12-16 15:58:24,244 INFO org.springframework.boot.StartupInfoLogger [main] Started Proyecto1Application in 15.004 seconds (JVM running for 16.81)
2021-12-16 16:02:24,987 INFO com.example.demo.aspect.SaludoLog [http-nio-8090-exec-3] ---------Starting Interceptor --------------------
2021-12-16 16:02:24,987 INFO com.example.demo.aspect.SaludoLog [http-nio-8090-exec-3] the intercepted method is: editUsuario, of the class: com.example.demo.controllers.ControllerBasic, with the following arguments  >>> ARG: 25,
2021-12-16 16:02:24,999 INFO com.example.demo.aspect.SaludoLog [http-nio-8090-exec-3] ---------Starting Interceptor --------------------
2021-12-16 16:02:24,999 INFO com.example.demo.aspect.SaludoLog [http-nio-8090-exec-3] the intercepted method is: findUsuarioById, of the class: com.example.demo.service.Impl.UsuarioServiceImpl, with the following arguments  >>> ARG: 25,
2021-12-16 16:02:25,256 INFO com.example.demo.aspect.SaludoLog [http-nio-8090-exec-3] <<< Return << findUsuarioById: com.example.demo.model.Usuario@189d0f6
2021-12-16 16:02:25,257 INFO com.example.demo.aspect.SaludoLog [http-nio-8090-exec-3] execution time: 258 ms
2021-12-16 16:02:25,258 INFO com.example.demo.aspect.SaludoLog [http-nio-8090-exec-3] <<< Return << editUsuario: ModelAndView [view="editar"; model={usuario=com.example.demo.model.Usuario@189d0f6}]
2021-12-16 16:02:25,259 INFO com.example.demo.aspect.SaludoLog [http-nio-8090-exec-3] execution time: 260 ms
2021-12-16 16:02:29,939 INFO com.example.demo.aspect.SaludoLog [http-nio-8090-exec-5] ---------Starting Interceptor --------------------
2021-12-16 16:02:29,942 INFO com.example.demo.aspect.SaludoLog [http-nio-8090-exec-5] the intercepted method is: addUsuario, of the class: com.example.demo.controllers.ControllerBasic, with the following arguments  >>> ARG: com.example.demo.model.Usuario@1a2cb44,
2021-12-16 16:02:29,943 INFO com.example.demo.aspect.SaludoLog [http-nio-8090-exec-5] ---------Starting Interceptor --------------------
2021-12-16 16:02:29,944 INFO com.example.demo.aspect.SaludoLog [http-nio-8090-exec-5] the intercepted method is: addUsuario, of the class: com.example.demo.service.Impl.UsuarioServiceImpl, with the following arguments  >>> ARG: com.example.demo.model.Usuario@1a2cb44,
2021-12-16 16:02:30,265 INFO com.example.demo.aspect.SaludoLog [http-nio-8090-exec-5] <<< Return << addUsuario: com.example.demo.model.Usuario@a67502
2021-12-16 16:02:30,266 INFO com.example.demo.aspect.SaludoLog [http-nio-8090-exec-5] execution time: 322 ms
2021-12-16 16:02:30,267 INFO com.example.demo.aspect.SaludoLog [http-nio-8090-exec-5] <<< Return << addUsuario: redirect:/hola/listUsuario
2021-12-16 16:02:30,267 INFO com.example.demo.aspect.SaludoLog [http-nio-8090-exec-5] execution time: 323 ms
2021-12-16 16:02:30,327 INFO com.example.demo.aspect.SaludoLog [http-nio-8090-exec-6] ---------Starting Interceptor --------------------
2021-12-16 16:02:30,328 INFO com.example.demo.aspect.SaludoLog [http-nio-8090-exec-6] the intercepted method is: listAllUsuarios, of the class: com.example.demo.controllers.ControllerBasic, with the following arguments  >>> ARG: {},
2021-12-16 16:02:30,329 INFO com.example.demo.aspect.SaludoLog [http-nio-8090-exec-6] ---------Starting Interceptor --------------------
2021-12-16 16:02:30,329 INFO com.example.demo.aspect.SaludoLog [http-nio-8090-exec-6] the intercepted method is: listAllUsuario, of the class: com.example.demo.service.Impl.UsuarioServiceImpl, with the following arguments  >>>
2021-12-16 16:02:31,179 INFO com.example.demo.aspect.SaludoLog [http-nio-8090-exec-6] <<< Return << listAllUsuario: [com.example.demo.model.Usuario@1509711, com.example.demo.model.Usuario@12290eb, com.example.demo.model.Usuario@cc0961, com.example.demo.model.Usuario@1ef27d, com.example.demo.model.Usuario@1030030, com.example.demo.model.Usuario@a776f3, com.example.demo.model.Usuario@98eb47]
2021-12-16 16:02:31,180 INFO com.example.demo.aspect.SaludoLog [http-nio-8090-exec-6] execution time: 851 ms
2021-12-16 16:02:31,181 INFO com.example.demo.aspect.SaludoLog [http-nio-8090-exec-6] <<< Return << listAllUsuarios: list
2021-12-16 16:02:31,182 INFO com.example.demo.aspect.SaludoLog [http-nio-8090-exec-6] execution time: 853 ms
2021-12-16 16:03:31,044 INFO com.example.demo.aspect.SaludoLog [http-nio-8090-exec-10] ---------Starting Interceptor --------------------
2021-12-16 16:03:31,045 INFO com.example.demo.aspect.SaludoLog [http-nio-8090-exec-10] the intercepted method is: listAllUsuarios, of the class: com.example.demo.controllers.ControllerBasic, with the following arguments  >>> ARG: {},
2021-12-16 16:03:31,046 INFO com.example.demo.aspect.SaludoLog [http-nio-8090-exec-10] ---------Starting Interceptor --------------------
2021-12-16 16:03:31,047 INFO com.example.demo.aspect.SaludoLog [http-nio-8090-exec-10] the intercepted method is: listAllUsuario, of the class: com.example.demo.service.Impl.UsuarioServiceImpl, with the following arguments  >>>
2021-12-16 16:03:31,057 INFO com.example.demo.aspect.SaludoLog [http-nio-8090-exec-10] <<< Return << listAllUsuario: [com.example.demo.model.Usuario@123be2d, com.example.demo.model.Usuario@1c19e2a, com.example.demo.model.Usuario@1b71453, com.example.demo.model.Usuario@9095af, com.example.demo.model.Usuario@1057075, com.example.demo.model.Usuario@b3fdca, com.example.demo.model.Usuario@de2d9e]
2021-12-16 16:03:31,058 INFO com.example.demo.aspect.SaludoLog [http-nio-8090-exec-10] execution time: 12 ms
2021-12-16 16:03:31,058 INFO com.example.demo.aspect.SaludoLog [http-nio-8090-exec-10] <<< Return << listAllUsuarios: list
2021-12-16 16:03:31,059 INFO com.example.demo.aspect.SaludoLog [http-nio-8090-exec-10] execution time: 13 ms
2021-12-16 16:26:25,084 INFO com.example.demo.aspect.SaludoLog [http-nio-8090-exec-8] ---------Starting Interceptor --------------------
2021-12-16 16:26:25,085 INFO com.example.demo.aspect.SaludoLog [http-nio-8090-exec-8] the intercepted method is: listAllUsuarios, of the class: com.example.demo.controllers.ControllerBasic, with the following arguments  >>> ARG: {},
2021-12-16 16:26:25,087 INFO com.example.demo.aspect.SaludoLog [http-nio-8090-exec-8] ---------Starting Interceptor --------------------
2021-12-16 16:26:25,088 INFO com.example.demo.aspect.SaludoLog [http-nio-8090-exec-8] the intercepted method is: listAllUsuario, of the class: com.example.demo.service.Impl.UsuarioServiceImpl, with the following arguments  >>>
2021-12-16 16:26:25,095 INFO com.example.demo.aspect.SaludoLog [http-nio-8090-exec-8] <<< Return << listAllUsuario: [com.example.demo.model.Usuario@8fc3b5, com.example.demo.model.Usuario@ec8806, com.example.demo.model.Usuario@125c3ec, com.example.demo.model.Usuario@acd6f1, com.example.demo.model.Usuario@a03cfa, com.example.demo.model.Usuario@e2850, com.example.demo.model.Usuario@14bb15e]
2021-12-16 16:26:25,097 INFO com.example.demo.aspect.SaludoLog [http-nio-8090-exec-8] execution time: 8 ms
2021-12-16 16:26:25,097 INFO com.example.demo.aspect.SaludoLog [http-nio-8090-exec-8] <<< Return << listAllUsuarios: list
2021-12-16 16:26:25,098 INFO com.example.demo.aspect.SaludoLog [http-nio-8090-exec-8] execution time: 10 ms
2021-12-16 16:55:43,239 INFO com.example.demo.aspect.SaludoLog [http-nio-8090-exec-1] ---------Starting Interceptor --------------------
2021-12-16 16:55:43,240 INFO com.example.demo.aspect.SaludoLog [http-nio-8090-exec-1] the intercepted method is: listAllUsuarios, of the class: com.example.demo.controllers.ControllerBasic, with the following arguments  >>> ARG: {},
2021-12-16 16:55:43,241 INFO com.example.demo.aspect.SaludoLog [http-nio-8090-exec-1] ---------Starting Interceptor --------------------
2021-12-16 16:55:43,242 INFO com.example.demo.aspect.SaludoLog [http-nio-8090-exec-1] the intercepted method is: listAllUsuario, of the class: com.example.demo.service.Impl.UsuarioServiceImpl, with the following arguments  >>>
2021-12-16 16:55:43,252 INFO com.example.demo.aspect.SaludoLog [http-nio-8090-exec-1] <<< Return << listAllUsuario: [com.example.demo.model.Usuario@5d89a2, com.example.demo.model.Usuario@f67df1, com.example.demo.model.Usuario@6ce287, com.example.demo.model.Usuario@8e41e9, com.example.demo.model.Usuario@b8da43, com.example.demo.model.Usuario@1022010, com.example.demo.model.Usuario@ad806d]
2021-12-16 16:55:43,253 INFO com.example.demo.aspect.SaludoLog [http-nio-8090-exec-1] execution time: 11 ms
2021-12-16 16:55:43,254 INFO com.example.demo.aspect.SaludoLog [http-nio-8090-exec-1] <<< Return << listAllUsuarios: list
2021-12-16 16:55:43,255 INFO com.example.demo.aspect.SaludoLog [http-nio-8090-exec-1] execution time: 13 ms
2021-12-16 16:56:35,311 INFO com.example.demo.aspect.SaludoLog [http-nio-8090-exec-3] ---------Starting Interceptor --------------------
2021-12-16 16:56:35,312 INFO com.example.demo.aspect.SaludoLog [http-nio-8090-exec-3] the intercepted method is: listAllUsuarios, of the class: com.example.demo.controllers.ControllerBasic, with the following arguments  >>> ARG: {},
2021-12-16 16:56:35,314 INFO com.example.demo.aspect.SaludoLog [http-nio-8090-exec-3] ---------Starting Interceptor --------------------
2021-12-16 16:56:35,314 INFO com.example.demo.aspect.SaludoLog [http-nio-8090-exec-3] the intercepted method is: listAllUsuario, of the class: com.example.demo.service.Impl.UsuarioServiceImpl, with the following arguments  >>>
2021-12-16 16:56:35,325 INFO com.example.demo.aspect.SaludoLog [http-nio-8090-exec-3] <<< Return << listAllUsuario: [com.example.demo.model.Usuario@7515d8, com.example.demo.model.Usuario@2cd358, com.example.demo.model.Usuario@1e24bc2, com.example.demo.model.Usuario@8628f5, com.example.demo.model.Usuario@473068, com.example.demo.model.Usuario@a780eb, com.example.demo.model.Usuario@14a7866]
2021-12-16 16:56:35,326 INFO com.example.demo.aspect.SaludoLog [http-nio-8090-exec-3] execution time: 12 ms
2021-12-16 16:56:35,327 INFO com.example.demo.aspect.SaludoLog [http-nio-8090-exec-3] <<< Return << listAllUsuarios: list
2021-12-16 16:56:35,328 INFO com.example.demo.aspect.SaludoLog [http-nio-8090-exec-3] execution time: 14 ms
2021-12-16 16:56:48,373 INFO com.example.demo.aspect.SaludoLog [http-nio-8090-exec-8] ---------Starting Interceptor --------------------
2021-12-16 16:56:48,374 INFO com.example.demo.aspect.SaludoLog [http-nio-8090-exec-8] the intercepted method is: listAllUsuarios, of the class: com.example.demo.controllers.ControllerBasic, with the following arguments  >>> ARG: {},
2021-12-16 16:56:48,376 INFO com.example.demo.aspect.SaludoLog [http-nio-8090-exec-8] ---------Starting Interceptor --------------------
2021-12-16 16:56:48,376 INFO com.example.demo.aspect.SaludoLog [http-nio-8090-exec-8] the intercepted method is: listAllUsuario, of the class: com.example.demo.service.Impl.UsuarioServiceImpl, with the following arguments  >>>
2021-12-16 16:56:48,385 INFO com.example.demo.aspect.SaludoLog [http-nio-8090-exec-8] <<< Return << listAllUsuario: [com.example.demo.model.Usuario@577989, com.example.demo.model.Usuario@157c267, com.example.demo.model.Usuario@13c47d7, com.example.demo.model.Usuario@6cbab1, com.example.demo.model.Usuario@1920d84, com.example.demo.model.Usuario@37a22b, com.example.demo.model.Usuario@1945205]
2021-12-16 16:56:48,387 INFO com.example.demo.aspect.SaludoLog [http-nio-8090-exec-8] execution time: 11 ms
2021-12-16 16:56:48,388 INFO com.example.demo.aspect.SaludoLog [http-nio-8090-exec-8] <<< Return << listAllUsuarios: list
2021-12-16 16:56:48,388 INFO com.example.demo.aspect.SaludoLog [http-nio-8090-exec-8] execution time: 12 ms
2021-12-16 16:59:51,211 INFO com.example.demo.aspect.SaludoLog [http-nio-8090-exec-8] ---------Starting Interceptor --------------------
2021-12-16 16:59:51,213 INFO com.example.demo.aspect.SaludoLog [http-nio-8090-exec-8] the intercepted method is: listAllUsuarios, of the class: com.example.demo.controllers.ControllerBasic, with the following arguments  >>> ARG: {},
2021-12-16 16:59:51,215 INFO com.example.demo.aspect.SaludoLog [http-nio-8090-exec-8] ---------Starting Interceptor --------------------
2021-12-16 16:59:51,215 INFO com.example.demo.aspect.SaludoLog [http-nio-8090-exec-8] the intercepted method is: listAllUsuario, of the class: com.example.demo.service.Impl.UsuarioServiceImpl, with the following arguments  >>>
2021-12-16 16:59:51,223 INFO com.example.demo.aspect.SaludoLog [http-nio-8090-exec-8] <<< Return << listAllUsuario: [com.example.demo.model.Usuario@c290da, com.example.demo.model.Usuario@69ad3a, com.example.demo.model.Usuario@14c91e6, com.example.demo.model.Usuario@4fd499, com.example.demo.model.Usuario@cfde8a, com.example.demo.model.Usuario@110b5d4, com.example.demo.model.Usuario@f0da71]
2021-12-16 16:59:51,224 INFO com.example.demo.aspect.SaludoLog [http-nio-8090-exec-8] execution time: 9 ms
2021-12-16 16:59:51,224 INFO com.example.demo.aspect.SaludoLog [http-nio-8090-exec-8] <<< Return << listAllUsuarios: list
2021-12-16 16:59:51,225 INFO com.example.demo.aspect.SaludoLog [http-nio-8090-exec-8] execution time: 10 ms
2021-12-16 17:04:02,131 INFO com.example.demo.aspect.SaludoLog [http-nio-8090-exec-10] ---------Starting Interceptor --------------------
2021-12-16 17:04:02,132 INFO com.example.demo.aspect.SaludoLog [http-nio-8090-exec-10] the intercepted method is: listAllUsuarios, of the class: com.example.demo.controllers.ControllerBasic, with the following arguments  >>> ARG: {},
2021-12-16 17:04:02,133 INFO com.example.demo.aspect.SaludoLog [http-nio-8090-exec-10] ---------Starting Interceptor --------------------
2021-12-16 17:04:02,134 INFO com.example.demo.aspect.SaludoLog [http-nio-8090-exec-10] the intercepted method is: listAllUsuario, of the class: com.example.demo.service.Impl.UsuarioServiceImpl, with the following arguments  >>>
2021-12-16 17:04:02,141 INFO com.example.demo.aspect.SaludoLog [http-nio-8090-exec-10] <<< Return << listAllUsuario: [com.example.demo.model.Usuario@1ca7c4c, com.example.demo.model.Usuario@19d5bc3, com.example.demo.model.Usuario@a473d4, com.example.demo.model.Usuario@39b28d, com.example.demo.model.Usuario@e59cda, com.example.demo.model.Usuario@19598c6, com.example.demo.model.Usuario@f87333]
2021-12-16 17:04:02,142 INFO com.example.demo.aspect.SaludoLog [http-nio-8090-exec-10] execution time: 8 ms
2021-12-16 17:04:02,144 INFO com.example.demo.aspect.SaludoLog [http-nio-8090-exec-10] <<< Return << listAllUsuarios: list
2021-12-16 17:04:02,144 INFO com.example.demo.aspect.SaludoLog [http-nio-8090-exec-10] execution time: 10 ms
2021-12-16 17:11:04,180 INFO com.example.demo.aspect.SaludoLog [http-nio-8090-exec-7] ---------Starting Interceptor --------------------
2021-12-16 17:11:04,181 INFO com.example.demo.aspect.SaludoLog [http-nio-8090-exec-7] the intercepted method is: listAllUsuarios, of the class: com.example.demo.controllers.ControllerBasic, with the following arguments  >>> ARG: {},
2021-12-16 17:11:04,182 INFO com.example.demo.aspect.SaludoLog [http-nio-8090-exec-7] ---------Starting Interceptor --------------------
2021-12-16 17:11:04,183 INFO com.example.demo.aspect.SaludoLog [http-nio-8090-exec-7] the intercepted method is: listAllUsuario, of the class: com.example.demo.service.Impl.UsuarioServiceImpl, with the following arguments  >>>
2021-12-16 17:11:04,264 INFO com.example.demo.aspect.SaludoLog [http-nio-8090-exec-7] <<< Return << listAllUsuario: [com.example.demo.model.Usuario@7fec90, com.example.demo.model.Usuario@1f7aeb6, com.example.demo.model.Usuario@1dea42a, com.example.demo.model.Usuario@17d3103, com.example.demo.model.Usuario@bf5890, com.example.demo.model.Usuario@e7c16f, com.example.demo.model.Usuario@bcd4ad]
2021-12-16 17:11:04,265 INFO com.example.demo.aspect.SaludoLog [http-nio-8090-exec-7] execution time: 82 ms
2021-12-16 17:11:04,267 INFO com.example.demo.aspect.SaludoLog [http-nio-8090-exec-7] <<< Return << listAllUsuarios: list
2021-12-16 17:11:04,268 INFO com.example.demo.aspect.SaludoLog [http-nio-8090-exec-7] execution time: 84 ms
2021-12-16 17:12:51,095 INFO com.example.demo.aspect.SaludoLog [http-nio-8090-exec-1] ---------Starting Interceptor --------------------
2021-12-16 17:12:51,096 INFO com.example.demo.aspect.SaludoLog [http-nio-8090-exec-1] the intercepted method is: listAllUsuarios, of the class: com.example.demo.controllers.ControllerBasic, with the following arguments  >>> ARG: {},
2021-12-16 17:12:51,097 INFO com.example.demo.aspect.SaludoLog [http-nio-8090-exec-1] ---------Starting Interceptor --------------------
2021-12-16 17:12:51,098 INFO com.example.demo.aspect.SaludoLog [http-nio-8090-exec-1] the intercepted method is: listAllUsuario, of the class: com.example.demo.service.Impl.UsuarioServiceImpl, with the following arguments  >>>
2021-12-16 17:12:51,105 INFO com.example.demo.aspect.SaludoLog [http-nio-8090-exec-1] <<< Return << listAllUsuario: [com.example.demo.model.Usuario@10863b9, com.example.demo.model.Usuario@1b62d48, com.example.demo.model.Usuario@161be9a, com.example.demo.model.Usuario@156756b, com.example.demo.model.Usuario@133dd53, com.example.demo.model.Usuario@1497450, com.example.demo.model.Usuario@1c8834d]
2021-12-16 17:12:51,105 INFO com.example.demo.aspect.SaludoLog [http-nio-8090-exec-1] execution time: 7 ms
2021-12-16 17:12:51,106 INFO com.example.demo.aspect.SaludoLog [http-nio-8090-exec-1] <<< Return << listAllUsuarios: list
2021-12-16 17:12:51,106 INFO com.example.demo.aspect.SaludoLog [http-nio-8090-exec-1] execution time: 8 ms
2021-12-16 17:21:26,759 INFO com.example.demo.aspect.SaludoLog [http-nio-8090-exec-8] ---------Starting Interceptor --------------------
2021-12-16 17:21:26,760 INFO com.example.demo.aspect.SaludoLog [http-nio-8090-exec-8] the intercepted method is: listAllUsuarios, of the class: com.example.demo.controllers.ControllerBasic, with the following arguments  >>> ARG: {},
2021-12-16 17:21:26,761 INFO com.example.demo.aspect.SaludoLog [http-nio-8090-exec-8] ---------Starting Interceptor --------------------
2021-12-16 17:21:26,762 INFO com.example.demo.aspect.SaludoLog [http-nio-8090-exec-8] the intercepted method is: listAllUsuario, of the class: com.example.demo.service.Impl.UsuarioServiceImpl, with the following arguments  >>>
2021-12-16 17:21:26,769 INFO com.example.demo.aspect.SaludoLog [http-nio-8090-exec-8] <<< Return << listAllUsuario: [com.example.demo.model.Usuario@1a40d11, com.example.demo.model.Usuario@121d1b0, com.example.demo.model.Usuario@69c80e, com.example.demo.model.Usuario@a21a79, com.example.demo.model.Usuario@1295ab9, com.example.demo.model.Usuario@40a6fd, com.example.demo.model.Usuario@f2e43]
2021-12-16 17:21:26,770 INFO com.example.demo.aspect.SaludoLog [http-nio-8090-exec-8] execution time: 8 ms
2021-12-16 17:21:26,771 INFO com.example.demo.aspect.SaludoLog [http-nio-8090-exec-8] <<< Return << listAllUsuarios: list
2021-12-16 17:21:26,771 INFO com.example.demo.aspect.SaludoLog [http-nio-8090-exec-8] execution time: 9 ms
2021-12-16 17:23:18,180 INFO com.example.demo.aspect.SaludoLog [http-nio-8090-exec-1] ---------Starting Interceptor --------------------
2021-12-16 17:23:18,181 INFO com.example.demo.aspect.SaludoLog [http-nio-8090-exec-1] the intercepted method is: listAllUsuarios, of the class: com.example.demo.controllers.ControllerBasic, with the following arguments  >>> ARG: {},
2021-12-16 17:23:18,182 INFO com.example.demo.aspect.SaludoLog [http-nio-8090-exec-1] ---------Starting Interceptor --------------------
2021-12-16 17:23:18,184 INFO com.example.demo.aspect.SaludoLog [http-nio-8090-exec-1] the intercepted method is: listAllUsuario, of the class: com.example.demo.service.Impl.UsuarioServiceImpl, with the following arguments  >>>
2021-12-16 17:23:18,192 INFO com.example.demo.aspect.SaludoLog [http-nio-8090-exec-1] <<< Return << listAllUsuario: [com.example.demo.model.Usuario@193ecd8, com.example.demo.model.Usuario@84fbd5, com.example.demo.model.Usuario@eff098, com.example.demo.model.Usuario@847120, com.example.demo.model.Usuario@dbb584, com.example.demo.model.Usuario@158b419, com.example.demo.model.Usuario@12fc9a]
2021-12-16 17:23:18,192 INFO com.example.demo.aspect.SaludoLog [http-nio-8090-exec-1] execution time: 8 ms
2021-12-16 17:23:18,193 INFO com.example.demo.aspect.SaludoLog [http-nio-8090-exec-1] <<< Return << listAllUsuarios: list
2021-12-16 17:23:18,194 INFO com.example.demo.aspect.SaludoLog [http-nio-8090-exec-1] execution time: 10 ms
2021-12-16 17:26:13,557 INFO com.example.demo.aspect.SaludoLog [http-nio-8090-exec-10] ---------Starting Interceptor --------------------
2021-12-16 17:26:13,558 INFO com.example.demo.aspect.SaludoLog [http-nio-8090-exec-10] the intercepted method is: listAllUsuarios, of the class: com.example.demo.controllers.ControllerBasic, with the following arguments  >>> ARG: {},
2021-12-16 17:26:13,560 INFO com.example.demo.aspect.SaludoLog [http-nio-8090-exec-10] ---------Starting Interceptor --------------------
2021-12-16 17:26:13,560 INFO com.example.demo.aspect.SaludoLog [http-nio-8090-exec-10] the intercepted method is: listAllUsuario, of the class: com.example.demo.service.Impl.UsuarioServiceImpl, with the following arguments  >>>
2021-12-16 17:26:13,595 INFO com.example.demo.aspect.SaludoLog [http-nio-8090-exec-10] <<< Return << listAllUsuario: [com.example.demo.model.Usuario@1720711, com.example.demo.model.Usuario@1651574, com.example.demo.model.Usuario@1350eaf, com.example.demo.model.Usuario@1b47444, com.example.demo.model.Usuario@baeec, com.example.demo.model.Usuario@178d4ac, com.example.demo.model.Usuario@f7f45a]
2021-12-16 17:26:13,596 INFO com.example.demo.aspect.SaludoLog [http-nio-8090-exec-10] execution time: 36 ms
2021-12-16 17:26:13,597 INFO com.example.demo.aspect.SaludoLog [http-nio-8090-exec-10] <<< Return << listAllUsuarios: list
2021-12-16 17:26:13,597 INFO com.example.demo.aspect.SaludoLog [http-nio-8090-exec-10] execution time: 37 ms
2021-12-16 17:31:41,198 INFO com.example.demo.aspect.SaludoLog [http-nio-8090-exec-9] ---------Starting Interceptor --------------------
2021-12-16 17:31:41,199 INFO com.example.demo.aspect.SaludoLog [http-nio-8090-exec-9] the intercepted method is: listAllUsuarios, of the class: com.example.demo.controllers.ControllerBasic, with the following arguments  >>> ARG: {},
2021-12-16 17:31:41,200 INFO com.example.demo.aspect.SaludoLog [http-nio-8090-exec-9] ---------Starting Interceptor --------------------
2021-12-16 17:31:41,201 INFO com.example.demo.aspect.SaludoLog [http-nio-8090-exec-9] the intercepted method is: listAllUsuario, of the class: com.example.demo.service.Impl.UsuarioServiceImpl, with the following arguments  >>>
2021-12-16 17:31:41,207 INFO com.example.demo.aspect.SaludoLog [http-nio-8090-exec-9] <<< Return << listAllUsuario: [com.example.demo.model.Usuario@872385, com.example.demo.model.Usuario@7015e8, com.example.demo.model.Usuario@1f76e98, com.example.demo.model.Usuario@9d485, com.example.demo.model.Usuario@10f44ca, com.example.demo.model.Usuario@174dd16, com.example.demo.model.Usuario@1b9f7ce]
2021-12-16 17:31:41,208 INFO com.example.demo.aspect.SaludoLog [http-nio-8090-exec-9] execution time: 7 ms
2021-12-16 17:31:41,210 INFO com.example.demo.aspect.SaludoLog [http-nio-8090-exec-9] <<< Return << listAllUsuarios: list
2021-12-16 17:31:41,211 INFO com.example.demo.aspect.SaludoLog [http-nio-8090-exec-9] execution time: 10 ms
2021-12-16 17:41:27,304 INFO com.example.demo.aspect.SaludoLog [http-nio-8090-exec-9] ---------Starting Interceptor --------------------
2021-12-16 17:41:27,305 INFO com.example.demo.aspect.SaludoLog [http-nio-8090-exec-9] the intercepted method is: listAllUsuarios, of the class: com.example.demo.controllers.ControllerBasic, with the following arguments  >>> ARG: {},
2021-12-16 17:41:27,306 INFO com.example.demo.aspect.SaludoLog [http-nio-8090-exec-9] ---------Starting Interceptor --------------------
2021-12-16 17:41:27,306 INFO com.example.demo.aspect.SaludoLog [http-nio-8090-exec-9] the intercepted method is: listAllUsuario, of the class: com.example.demo.service.Impl.UsuarioServiceImpl, with the following arguments  >>>
2021-12-16 17:41:27,315 INFO com.example.demo.aspect.SaludoLog [http-nio-8090-exec-9] <<< Return << listAllUsuario: [com.example.demo.model.Usuario@f76e91, com.example.demo.model.Usuario@1a378d1, com.example.demo.model.Usuario@affcbe, com.example.demo.model.Usuario@10b86b1, com.example.demo.model.Usuario@c9f267, com.example.demo.model.Usuario@167edf, com.example.demo.model.Usuario@1dd36af]
2021-12-16 17:41:27,316 INFO com.example.demo.aspect.SaludoLog [http-nio-8090-exec-9] execution time: 9 ms
2021-12-16 17:41:27,316 INFO com.example.demo.aspect.SaludoLog [http-nio-8090-exec-9] <<< Return << listAllUsuarios: list
2021-12-16 17:41:27,317 INFO com.example.demo.aspect.SaludoLog [http-nio-8090-exec-9] execution time: 10 ms
2021-12-16 17:42:23,450 INFO com.example.demo.aspect.SaludoLog [http-nio-8090-exec-2] ---------Starting Interceptor --------------------
2021-12-16 17:42:23,452 INFO com.example.demo.aspect.SaludoLog [http-nio-8090-exec-2] the intercepted method is: editUsuario, of the class: com.example.demo.controllers.ControllerBasic, with the following arguments  >>> ARG: 25,
2021-12-16 17:42:23,454 INFO com.example.demo.aspect.SaludoLog [http-nio-8090-exec-2] ---------Starting Interceptor --------------------
2021-12-16 17:42:23,454 INFO com.example.demo.aspect.SaludoLog [http-nio-8090-exec-2] the intercepted method is: findUsuarioById, of the class: com.example.demo.service.Impl.UsuarioServiceImpl, with the following arguments  >>> ARG: 25,
2021-12-16 17:42:23,459 INFO com.example.demo.aspect.SaludoLog [http-nio-8090-exec-2] <<< Return << findUsuarioById: com.example.demo.model.Usuario@1bb2751
2021-12-16 17:42:23,460 INFO com.example.demo.aspect.SaludoLog [http-nio-8090-exec-2] execution time: 6 ms
2021-12-16 17:42:23,461 INFO com.example.demo.aspect.SaludoLog [http-nio-8090-exec-2] <<< Return << editUsuario: ModelAndView [view="editar"; model={usuario=com.example.demo.model.Usuario@1bb2751}]
2021-12-16 17:42:23,461 INFO com.example.demo.aspect.SaludoLog [http-nio-8090-exec-2] execution time: 7 ms
2021-12-16 17:42:25,106 INFO com.example.demo.aspect.SaludoLog [http-nio-8090-exec-3] ---------Starting Interceptor --------------------
2021-12-16 17:42:25,107 INFO com.example.demo.aspect.SaludoLog [http-nio-8090-exec-3] the intercepted method is: addUsuario, of the class: com.example.demo.controllers.ControllerBasic, with the following arguments  >>> ARG: com.example.demo.model.Usuario@e2c3a,
2021-12-16 17:42:25,108 INFO com.example.demo.aspect.SaludoLog [http-nio-8090-exec-3] ---------Starting Interceptor --------------------
2021-12-16 17:42:25,109 INFO com.example.demo.aspect.SaludoLog [http-nio-8090-exec-3] the intercepted method is: addUsuario, of the class: com.example.demo.service.Impl.UsuarioServiceImpl, with the following arguments  >>> ARG: com.example.demo.model.Usuario@e2c3a,
2021-12-16 17:42:25,113 INFO com.example.demo.aspect.SaludoLog [http-nio-8090-exec-3] <<< Return << addUsuario: com.example.demo.model.Usuario@14a3c32
2021-12-16 17:42:25,114 INFO com.example.demo.aspect.SaludoLog [http-nio-8090-exec-3] execution time: 5 ms
2021-12-16 17:42:25,115 INFO com.example.demo.aspect.SaludoLog [http-nio-8090-exec-3] <<< Return << addUsuario: redirect:/hola/listUsuario
2021-12-16 17:42:25,116 INFO com.example.demo.aspect.SaludoLog [http-nio-8090-exec-3] execution time: 6 ms
2021-12-16 17:42:25,132 INFO com.example.demo.aspect.SaludoLog [http-nio-8090-exec-4] ---------Starting Interceptor --------------------
2021-12-16 17:42:25,133 INFO com.example.demo.aspect.SaludoLog [http-nio-8090-exec-4] the intercepted method is: listAllUsuarios, of the class: com.example.demo.controllers.ControllerBasic, with the following arguments  >>> ARG: {},
2021-12-16 17:42:25,133 INFO com.example.demo.aspect.SaludoLog [http-nio-8090-exec-4] ---------Starting Interceptor --------------------
2021-12-16 17:42:25,134 INFO com.example.demo.aspect.SaludoLog [http-nio-8090-exec-4] the intercepted method is: listAllUsuario, of the class: com.example.demo.service.Impl.UsuarioServiceImpl, with the following arguments  >>>
2021-12-16 17:42:25,140 INFO com.example.demo.aspect.SaludoLog [http-nio-8090-exec-4] <<< Return << listAllUsuario: [com.example.demo.model.Usuario@44ab48, com.example.demo.model.Usuario@18da04d, com.example.demo.model.Usuario@47c0fb, com.example.demo.model.Usuario@8915b6, com.example.demo.model.Usuario@140e7c4, com.example.demo.model.Usuario@1c3bd69, com.example.demo.model.Usuario@1fbf932]
2021-12-16 17:42:25,141 INFO com.example.demo.aspect.SaludoLog [http-nio-8090-exec-4] execution time: 7 ms
2021-12-16 17:42:25,142 INFO com.example.demo.aspect.SaludoLog [http-nio-8090-exec-4] <<< Return << listAllUsuarios: list
2021-12-16 17:42:25,143 INFO com.example.demo.aspect.SaludoLog [http-nio-8090-exec-4] execution time: 9 ms
2021-12-16 17:44:56,087 INFO com.example.demo.aspect.SaludoLog [http-nio-8090-exec-8] ---------Starting Interceptor --------------------
2021-12-16 17:44:56,088 INFO com.example.demo.aspect.SaludoLog [http-nio-8090-exec-8] the intercepted method is: listAllUsuarios, of the class: com.example.demo.controllers.ControllerBasic, with the following arguments  >>> ARG: {},
2021-12-16 17:44:56,089 INFO com.example.demo.aspect.SaludoLog [http-nio-8090-exec-8] ---------Starting Interceptor --------------------
2021-12-16 17:44:56,090 INFO com.example.demo.aspect.SaludoLog [http-nio-8090-exec-8] the intercepted method is: listAllUsuario, of the class: com.example.demo.service.Impl.UsuarioServiceImpl, with the following arguments  >>>
2021-12-16 17:44:56,097 INFO com.example.demo.aspect.SaludoLog [http-nio-8090-exec-8] <<< Return << listAllUsuario: [com.example.demo.model.Usuario@47459e, com.example.demo.model.Usuario@afd72e, com.example.demo.model.Usuario@19bae83, com.example.demo.model.Usuario@1e07c2d, com.example.demo.model.Usuario@12fadfa, com.example.demo.model.Usuario@1b70716, com.example.demo.model.Usuario@1b85495]
2021-12-16 17:44:56,098 INFO com.example.demo.aspect.SaludoLog [http-nio-8090-exec-8] execution time: 8 ms
2021-12-16 17:44:56,099 INFO com.example.demo.aspect.SaludoLog [http-nio-8090-exec-8] <<< Return << listAllUsuarios: list
2021-12-16 17:44:56,099 INFO com.example.demo.aspect.SaludoLog [http-nio-8090-exec-8] execution time: 9 ms
2021-12-16 17:48:23,965 INFO com.example.demo.aspect.SaludoLog [http-nio-8090-exec-10] ---------Starting Interceptor --------------------
2021-12-16 17:48:23,966 INFO com.example.demo.aspect.SaludoLog [http-nio-8090-exec-10] the intercepted method is: listAllUsuarios, of the class: com.example.demo.controllers.ControllerBasic, with the following arguments  >>> ARG: {},
2021-12-16 17:48:23,967 INFO com.example.demo.aspect.SaludoLog [http-nio-8090-exec-10] ---------Starting Interceptor --------------------
2021-12-16 17:48:23,968 INFO com.example.demo.aspect.SaludoLog [http-nio-8090-exec-10] the intercepted method is: listAllUsuario, of the class: com.example.demo.service.Impl.UsuarioServiceImpl, with the following arguments  >>>
2021-12-16 17:48:23,973 INFO com.example.demo.aspect.SaludoLog [http-nio-8090-exec-10] <<< Return << listAllUsuario: [com.example.demo.model.Usuario@266f4a, com.example.demo.model.Usuario@10c8028, com.example.demo.model.Usuario@95d772, com.example.demo.model.Usuario@173389b, com.example.demo.model.Usuario@264840, com.example.demo.model.Usuario@1b0972c, com.example.demo.model.Usuario@12effef]
2021-12-16 17:48:23,974 INFO com.example.demo.aspect.SaludoLog [http-nio-8090-exec-10] execution time: 5 ms
2021-12-16 17:48:23,974 INFO com.example.demo.aspect.SaludoLog [http-nio-8090-exec-10] <<< Return << listAllUsuarios: list
2021-12-16 17:48:23,974 INFO com.example.demo.aspect.SaludoLog [http-nio-8090-exec-10] execution time: 6 ms
2021-12-16 17:49:22,983 INFO com.example.demo.aspect.SaludoLog [http-nio-8090-exec-4] ---------Starting Interceptor --------------------
2021-12-16 17:49:22,983 INFO com.example.demo.aspect.SaludoLog [http-nio-8090-exec-4] the intercepted method is: newUsuario, of the class: com.example.demo.controllers.ControllerBasic, with the following arguments  >>> ARG: {},
2021-12-16 17:49:22,984 INFO com.example.demo.aspect.SaludoLog [http-nio-8090-exec-4] <<< Return << newUsuario: crear
2021-12-16 17:49:22,985 INFO com.example.demo.aspect.SaludoLog [http-nio-8090-exec-4] execution time: 2 ms
2021-12-16 17:49:27,007 INFO com.example.demo.aspect.SaludoLog [http-nio-8090-exec-8] ---------Starting Interceptor --------------------
2021-12-16 17:49:27,008 INFO com.example.demo.aspect.SaludoLog [http-nio-8090-exec-8] the intercepted method is: addUsuario, of the class: com.example.demo.controllers.ControllerBasic, with the following arguments  >>> ARG: com.example.demo.model.Usuario@808130,
2021-12-16 17:49:27,010 INFO com.example.demo.aspect.SaludoLog [http-nio-8090-exec-8] ---------Starting Interceptor --------------------
2021-12-16 17:49:27,011 INFO com.example.demo.aspect.SaludoLog [http-nio-8090-exec-8] the intercepted method is: addUsuario, of the class: com.example.demo.service.Impl.UsuarioServiceImpl, with the following arguments  >>> ARG: com.example.demo.model.Usuario@808130,
2021-12-16 17:49:27,590 INFO com.example.demo.aspect.SaludoLog [http-nio-8090-exec-8] <<< Return << addUsuario: com.example.demo.model.Usuario@808130
2021-12-16 17:49:27,591 INFO com.example.demo.aspect.SaludoLog [http-nio-8090-exec-8] execution time: 580 ms
2021-12-16 17:49:27,592 INFO com.example.demo.aspect.SaludoLog [http-nio-8090-exec-8] <<< Return << addUsuario: redirect:/hola/listUsuario
2021-12-16 17:49:27,593 INFO com.example.demo.aspect.SaludoLog [http-nio-8090-exec-8] execution time: 582 ms
2021-12-16 17:49:27,607 INFO com.example.demo.aspect.SaludoLog [http-nio-8090-exec-7] ---------Starting Interceptor --------------------
2021-12-16 17:49:27,608 INFO com.example.demo.aspect.SaludoLog [http-nio-8090-exec-7] the intercepted method is: listAllUsuarios, of the class: com.example.demo.controllers.ControllerBasic, with the following arguments  >>> ARG: {},
2021-12-16 17:49:27,609 INFO com.example.demo.aspect.SaludoLog [http-nio-8090-exec-7] ---------Starting Interceptor --------------------
2021-12-16 17:49:27,610 INFO com.example.demo.aspect.SaludoLog [http-nio-8090-exec-7] the intercepted method is: listAllUsuario, of the class: com.example.demo.service.Impl.UsuarioServiceImpl, with the following arguments  >>>
2021-12-16 17:49:27,616 INFO com.example.demo.aspect.SaludoLog [http-nio-8090-exec-7] <<< Return << listAllUsuario: [com.example.demo.model.Usuario@b30d11, com.example.demo.model.Usuario@f8c6c8, com.example.demo.model.Usuario@2898e5, com.example.demo.model.Usuario@1943ee8, com.example.demo.model.Usuario@1a363ce, com.example.demo.model.Usuario@15135b4, com.example.demo.model.Usuario@1b6734b, com.example.demo.model.Usuario@169766b]
2021-12-16 17:49:27,617 INFO com.example.demo.aspect.SaludoLog [http-nio-8090-exec-7] execution time: 7 ms
2021-12-16 17:49:27,617 INFO com.example.demo.aspect.SaludoLog [http-nio-8090-exec-7] <<< Return << listAllUsuarios: list
2021-12-16 17:49:27,618 INFO com.example.demo.aspect.SaludoLog [http-nio-8090-exec-7] execution time: 8 ms
2021-12-16 18:02:30,917 INFO com.example.demo.aspect.SaludoLog [http-nio-8090-exec-7] ---------Starting Interceptor --------------------
2021-12-16 18:02:30,918 INFO com.example.demo.aspect.SaludoLog [http-nio-8090-exec-7] the intercepted method is: listAllUsuarios, of the class: com.example.demo.controllers.ControllerBasic, with the following arguments  >>> ARG: {},
2021-12-16 18:02:30,919 INFO com.example.demo.aspect.SaludoLog [http-nio-8090-exec-7] ---------Starting Interceptor --------------------
2021-12-16 18:02:30,919 INFO com.example.demo.aspect.SaludoLog [http-nio-8090-exec-7] the intercepted method is: listAllUsuario, of the class: com.example.demo.service.Impl.UsuarioServiceImpl, with the following arguments  >>>
2021-12-16 18:02:30,925 INFO com.example.demo.aspect.SaludoLog [http-nio-8090-exec-7] <<< Return << listAllUsuario: [com.example.demo.model.Usuario@d3cec1, com.example.demo.model.Usuario@d17482, com.example.demo.model.Usuario@c3f98c, com.example.demo.model.Usuario@14f876e, com.example.demo.model.Usuario@182e840, com.example.demo.model.Usuario@68f896, com.example.demo.model.Usuario@1287c4e, com.example.demo.model.Usuario@41e4f2]
2021-12-16 18:02:30,926 INFO com.example.demo.aspect.SaludoLog [http-nio-8090-exec-7] execution time: 7 ms
2021-12-16 18:02:30,926 INFO com.example.demo.aspect.SaludoLog [http-nio-8090-exec-7] <<< Return << listAllUsuarios: list
2021-12-16 18:02:30,927 INFO com.example.demo.aspect.SaludoLog [http-nio-8090-exec-7] execution time: 8 ms
2021-12-16 18:04:56,588 INFO com.example.demo.aspect.SaludoLog [http-nio-8090-exec-2] ---------Starting Interceptor --------------------
2021-12-16 18:04:56,589 INFO com.example.demo.aspect.SaludoLog [http-nio-8090-exec-2] the intercepted method is: listAllUsuarios, of the class: com.example.demo.controllers.ControllerBasic, with the following arguments  >>> ARG: {},
2021-12-16 18:04:56,590 INFO com.example.demo.aspect.SaludoLog [http-nio-8090-exec-2] ---------Starting Interceptor --------------------
2021-12-16 18:04:56,591 INFO com.example.demo.aspect.SaludoLog [http-nio-8090-exec-2] the intercepted method is: listAllUsuario, of the class: com.example.demo.service.Impl.UsuarioServiceImpl, with the following arguments  >>>
2021-12-16 18:04:56,601 INFO com.example.demo.aspect.SaludoLog [http-nio-8090-exec-2] <<< Return << listAllUsuario: [com.example.demo.model.Usuario@be427f, com.example.demo.model.Usuario@d7b3d2, com.example.demo.model.Usuario@179b38, com.example.demo.model.Usuario@133ea99, com.example.demo.model.Usuario@1a4f8fa, com.example.demo.model.Usuario@5890ff, com.example.demo.model.Usuario@b011d7, com.example.demo.model.Usuario@6544fa]
2021-12-16 18:04:56,602 INFO com.example.demo.aspect.SaludoLog [http-nio-8090-exec-2] execution time: 11 ms
2021-12-16 18:04:56,602 INFO com.example.demo.aspect.SaludoLog [http-nio-8090-exec-2] <<< Return << listAllUsuarios: list
2021-12-16 18:04:56,603 INFO com.example.demo.aspect.SaludoLog [http-nio-8090-exec-2] execution time: 12 ms
2021-12-16 18:07:57,395 INFO com.example.demo.aspect.SaludoLog [http-nio-8090-exec-9] ---------Starting Interceptor --------------------
2021-12-16 18:07:57,397 INFO com.example.demo.aspect.SaludoLog [http-nio-8090-exec-9] the intercepted method is: listAllUsuarios, of the class: com.example.demo.controllers.ControllerBasic, with the following arguments  >>> ARG: {},
2021-12-16 18:07:57,398 INFO com.example.demo.aspect.SaludoLog [http-nio-8090-exec-9] ---------Starting Interceptor --------------------
2021-12-16 18:07:57,398 INFO com.example.demo.aspect.SaludoLog [http-nio-8090-exec-9] the intercepted method is: listAllUsuario, of the class: com.example.demo.service.Impl.UsuarioServiceImpl, with the following arguments  >>>
2021-12-16 18:07:57,494 INFO com.example.demo.aspect.SaludoLog [http-nio-8090-exec-9] <<< Return << listAllUsuario: [com.example.demo.model.Usuario@5bc915, com.example.demo.model.Usuario@191d04b, com.example.demo.model.Usuario@168f1a5, com.example.demo.model.Usuario@bee783, com.example.demo.model.Usuario@c199a0, com.example.demo.model.Usuario@13903bb, com.example.demo.model.Usuario@1d22360, com.example.demo.model.Usuario@c54366]
2021-12-16 18:07:57,495 INFO com.example.demo.aspect.SaludoLog [http-nio-8090-exec-9] execution time: 97 ms
2021-12-16 18:07:57,496 INFO com.example.demo.aspect.SaludoLog [http-nio-8090-exec-9] <<< Return << listAllUsuarios: list
2021-12-16 18:07:57,496 INFO com.example.demo.aspect.SaludoLog [http-nio-8090-exec-9] execution time: 98 ms
2021-12-16 18:08:42,219 INFO com.example.demo.aspect.SaludoLog [http-nio-8090-exec-9] ---------Starting Interceptor --------------------
2021-12-16 18:08:42,220 INFO com.example.demo.aspect.SaludoLog [http-nio-8090-exec-9] the intercepted method is: listAllUsuarios, of the class: com.example.demo.controllers.ControllerBasic, with the following arguments  >>> ARG: {},
2021-12-16 18:08:42,221 INFO com.example.demo.aspect.SaludoLog [http-nio-8090-exec-9] ---------Starting Interceptor --------------------
2021-12-16 18:08:42,222 INFO com.example.demo.aspect.SaludoLog [http-nio-8090-exec-9] the intercepted method is: listAllUsuario, of the class: com.example.demo.service.Impl.UsuarioServiceImpl, with the following arguments  >>>
2021-12-16 18:08:42,228 INFO com.example.demo.aspect.SaludoLog [http-nio-8090-exec-9] <<< Return << listAllUsuario: [com.example.demo.model.Usuario@1fb617e, com.example.demo.model.Usuario@1de88e7, com.example.demo.model.Usuario@117d3fb, com.example.demo.model.Usuario@8b08bd, com.example.demo.model.Usuario@df7e43, com.example.demo.model.Usuario@1ef548f, com.example.demo.model.Usuario@c4c1c2, com.example.demo.model.Usuario@eaed47]
2021-12-16 18:08:42,229 INFO com.example.demo.aspect.SaludoLog [http-nio-8090-exec-9] execution time: 7 ms
2021-12-16 18:08:42,230 INFO com.example.demo.aspect.SaludoLog [http-nio-8090-exec-9] <<< Return << listAllUsuarios: list
2021-12-16 18:08:42,232 INFO com.example.demo.aspect.SaludoLog [http-nio-8090-exec-9] execution time: 10 ms
2021-12-16 18:09:54,244 INFO com.example.demo.aspect.SaludoLog [http-nio-8090-exec-6] ---------Starting Interceptor --------------------
2021-12-16 18:09:54,245 INFO com.example.demo.aspect.SaludoLog [http-nio-8090-exec-6] the intercepted method is: listAllUsuarios, of the class: com.example.demo.controllers.ControllerBasic, with the following arguments  >>> ARG: {},
2021-12-16 18:09:54,246 INFO com.example.demo.aspect.SaludoLog [http-nio-8090-exec-6] ---------Starting Interceptor --------------------
2021-12-16 18:09:54,247 INFO com.example.demo.aspect.SaludoLog [http-nio-8090-exec-6] the intercepted method is: listAllUsuario, of the class: com.example.demo.service.Impl.UsuarioServiceImpl, with the following arguments  >>>
2021-12-16 18:09:54,254 INFO com.example.demo.aspect.SaludoLog [http-nio-8090-exec-6] <<< Return << listAllUsuario: [com.example.demo.model.Usuario@6ba9d, com.example.demo.model.Usuario@625ff8, com.example.demo.model.Usuario@1bc263, com.example.demo.model.Usuario@1d1f831, com.example.demo.model.Usuario@1e6284, com.example.demo.model.Usuario@a57920, com.example.demo.model.Usuario@87b68d, com.example.demo.model.Usuario@cbce9c]
2021-12-16 18:09:54,255 INFO com.example.demo.aspect.SaludoLog [http-nio-8090-exec-6] execution time: 8 ms
2021-12-16 18:09:54,255 INFO com.example.demo.aspect.SaludoLog [http-nio-8090-exec-6] <<< Return << listAllUsuarios: list
2021-12-16 18:09:54,256 INFO com.example.demo.aspect.SaludoLog [http-nio-8090-exec-6] execution time: 9 ms
2021-12-16 18:10:33,793 INFO com.example.demo.aspect.SaludoLog [http-nio-8090-exec-5] ---------Starting Interceptor --------------------
2021-12-16 18:10:33,794 INFO com.example.demo.aspect.SaludoLog [http-nio-8090-exec-5] the intercepted method is: listAllUsuarios, of the class: com.example.demo.controllers.ControllerBasic, with the following arguments  >>> ARG: {},
2021-12-16 18:10:33,794 INFO com.example.demo.aspect.SaludoLog [http-nio-8090-exec-5] ---------Starting Interceptor --------------------
2021-12-16 18:10:33,795 INFO com.example.demo.aspect.SaludoLog [http-nio-8090-exec-5] the intercepted method is: listAllUsuario, of the class: com.example.demo.service.Impl.UsuarioServiceImpl, with the following arguments  >>>
2021-12-16 18:10:33,803 INFO com.example.demo.aspect.SaludoLog [http-nio-8090-exec-5] <<< Return << listAllUsuario: [com.example.demo.model.Usuario@1281897, com.example.demo.model.Usuario@176be19, com.example.demo.model.Usuario@9d933a, com.example.demo.model.Usuario@136cc0f, com.example.demo.model.Usuario@d599de, com.example.demo.model.Usuario@dd71ab, com.example.demo.model.Usuario@c53f09, com.example.demo.model.Usuario@1ead7ea]
2021-12-16 18:10:33,803 INFO com.example.demo.aspect.SaludoLog [http-nio-8090-exec-5] execution time: 8 ms
2021-12-16 18:10:33,804 INFO com.example.demo.aspect.SaludoLog [http-nio-8090-exec-5] <<< Return << listAllUsuarios: list
2021-12-16 18:10:33,804 INFO com.example.demo.aspect.SaludoLog [http-nio-8090-exec-5] execution time: 9 ms
2021-12-16 18:10:51,500 INFO com.example.demo.aspect.SaludoLog [http-nio-8090-exec-2] ---------Starting Interceptor --------------------
2021-12-16 18:10:51,501 INFO com.example.demo.aspect.SaludoLog [http-nio-8090-exec-2] the intercepted method is: eliminarUsuario, of the class: com.example.demo.controllers.ControllerBasic, with the following arguments  >>> ARG: 26,
2021-12-16 18:10:51,501 INFO com.example.demo.aspect.SaludoLog [http-nio-8090-exec-2] ---------Starting Interceptor --------------------
2021-12-16 18:10:51,502 INFO com.example.demo.aspect.SaludoLog [http-nio-8090-exec-2] the intercepted method is: removerUsuario, of the class: com.example.demo.service.Impl.UsuarioServiceImpl, with the following arguments  >>> ARG: 26,
2021-12-16 18:10:51,690 INFO com.example.demo.aspect.SaludoLog [http-nio-8090-exec-2] <<< Return << removerUsuario: null
2021-12-16 18:10:51,691 INFO com.example.demo.aspect.SaludoLog [http-nio-8090-exec-2] execution time: 189 ms
2021-12-16 18:10:51,691 INFO com.example.demo.aspect.SaludoLog [http-nio-8090-exec-2] <<< Return << eliminarUsuario: redirect:/hola/listUsuario
2021-12-16 18:10:51,692 INFO com.example.demo.aspect.SaludoLog [http-nio-8090-exec-2] execution time: 190 ms
2021-12-16 18:10:51,703 INFO com.example.demo.aspect.SaludoLog [http-nio-8090-exec-10] ---------Starting Interceptor --------------------
2021-12-16 18:10:51,704 INFO com.example.demo.aspect.SaludoLog [http-nio-8090-exec-10] the intercepted method is: listAllUsuarios, of the class: com.example.demo.controllers.ControllerBasic, with the following arguments  >>> ARG: {},
2021-12-16 18:10:51,704 INFO com.example.demo.aspect.SaludoLog [http-nio-8090-exec-10] ---------Starting Interceptor --------------------
2021-12-16 18:10:51,705 INFO com.example.demo.aspect.SaludoLog [http-nio-8090-exec-10] the intercepted method is: listAllUsuario, of the class: com.example.demo.service.Impl.UsuarioServiceImpl, with the following arguments  >>>
2021-12-16 18:10:51,709 INFO com.example.demo.aspect.SaludoLog [http-nio-8090-exec-10] <<< Return << listAllUsuario: [com.example.demo.model.Usuario@c43dc9, com.example.demo.model.Usuario@f46757, com.example.demo.model.Usuario@16acd97, com.example.demo.model.Usuario@16f69, com.example.demo.model.Usuario@1542255, com.example.demo.model.Usuario@312eb7, com.example.demo.model.Usuario@1885553]
2021-12-16 18:10:51,710 INFO com.example.demo.aspect.SaludoLog [http-nio-8090-exec-10] execution time: 5 ms
2021-12-16 18:10:51,711 INFO com.example.demo.aspect.SaludoLog [http-nio-8090-exec-10] <<< Return << listAllUsuarios: list
2021-12-16 18:10:51,711 INFO com.example.demo.aspect.SaludoLog [http-nio-8090-exec-10] execution time: 6 ms
2021-12-16 18:11:32,282 INFO com.example.demo.aspect.SaludoLog [http-nio-8090-exec-10] ---------Starting Interceptor --------------------
2021-12-16 18:11:32,283 INFO com.example.demo.aspect.SaludoLog [http-nio-8090-exec-10] the intercepted method is: listAllUsuarios, of the class: com.example.demo.controllers.ControllerBasic, with the following arguments  >>> ARG: {},
2021-12-16 18:11:32,284 INFO com.example.demo.aspect.SaludoLog [http-nio-8090-exec-10] ---------Starting Interceptor --------------------
2021-12-16 18:11:32,285 INFO com.example.demo.aspect.SaludoLog [http-nio-8090-exec-10] the intercepted method is: listAllUsuario, of the class: com.example.demo.service.Impl.UsuarioServiceImpl, with the following arguments  >>>
2021-12-16 18:11:32,375 INFO com.example.demo.aspect.SaludoLog [http-nio-8090-exec-10] <<< Return << listAllUsuario: [com.example.demo.model.Usuario@73f3b0, com.example.demo.model.Usuario@a95de5, com.example.demo.model.Usuario@55a829, com.example.demo.model.Usuario@138d0a8, com.example.demo.model.Usuario@17534c, com.example.demo.model.Usuario@4d66de, com.example.demo.model.Usuario@186979e]
2021-12-16 18:11:32,376 INFO com.example.demo.aspect.SaludoLog [http-nio-8090-exec-10] execution time: 91 ms
2021-12-16 18:11:32,377 INFO com.example.demo.aspect.SaludoLog [http-nio-8090-exec-10] <<< Return << listAllUsuarios: list
2021-12-16 18:11:32,378 INFO com.example.demo.aspect.SaludoLog [http-nio-8090-exec-10] execution time: 93 ms
2021-12-16 18:12:19,124 INFO com.example.demo.aspect.SaludoLog [http-nio-8090-exec-10] ---------Starting Interceptor --------------------
2021-12-16 18:12:19,125 INFO com.example.demo.aspect.SaludoLog [http-nio-8090-exec-10] the intercepted method is: listAllUsuarios, of the class: com.example.demo.controllers.ControllerBasic, with the following arguments  >>> ARG: {},
2021-12-16 18:12:19,125 INFO com.example.demo.aspect.SaludoLog [http-nio-8090-exec-10] ---------Starting Interceptor --------------------
2021-12-16 18:12:19,126 INFO com.example.demo.aspect.SaludoLog [http-nio-8090-exec-10] the intercepted method is: listAllUsuario, of the class: com.example.demo.service.Impl.UsuarioServiceImpl, with the following arguments  >>>
2021-12-16 18:12:19,134 INFO com.example.demo.aspect.SaludoLog [http-nio-8090-exec-10] <<< Return << listAllUsuario: [com.example.demo.model.Usuario@caba7e, com.example.demo.model.Usuario@1419d65, com.example.demo.model.Usuario@14dc8e7, com.example.demo.model.Usuario@1f92b81, com.example.demo.model.Usuario@7b614a, com.example.demo.model.Usuario@1b27415, com.example.demo.model.Usuario@af88f4]
2021-12-16 18:12:19,134 INFO com.example.demo.aspect.SaludoLog [http-nio-8090-exec-10] execution time: 8 ms
2021-12-16 18:12:19,135 INFO com.example.demo.aspect.SaludoLog [http-nio-8090-exec-10] <<< Return << listAllUsuarios: list
2021-12-16 18:12:19,136 INFO com.example.demo.aspect.SaludoLog [http-nio-8090-exec-10] execution time: 10 ms
2021-12-16 18:45:18,805 INFO com.example.demo.aspect.SaludoLog [http-nio-8090-exec-10] ---------Starting Interceptor --------------------
2021-12-16 18:45:18,806 INFO com.example.demo.aspect.SaludoLog [http-nio-8090-exec-10] the intercepted method is: listAllUsuarios, of the class: com.example.demo.controllers.ControllerBasic, with the following arguments  >>> ARG: {},
2021-12-16 18:45:18,806 INFO com.example.demo.aspect.SaludoLog [http-nio-8090-exec-10] ---------Starting Interceptor --------------------
2021-12-16 18:45:18,807 INFO com.example.demo.aspect.SaludoLog [http-nio-8090-exec-10] the intercepted method is: listAllUsuario, of the class: com.example.demo.service.Impl.UsuarioServiceImpl, with the following arguments  >>>
2021-12-16 18:45:18,816 INFO com.example.demo.aspect.SaludoLog [http-nio-8090-exec-10] <<< Return << listAllUsuario: [com.example.demo.model.Usuario@561397, com.example.demo.model.Usuario@1931ff6, com.example.demo.model.Usuario@13c8ba, com.example.demo.model.Usuario@13c10d7, com.example.demo.model.Usuario@16a61cc, com.example.demo.model.Usuario@9ba138, com.example.demo.model.Usuario@85ff89]
2021-12-16 18:45:18,817 INFO com.example.demo.aspect.SaludoLog [http-nio-8090-exec-10] execution time: 10 ms
2021-12-16 18:45:18,818 INFO com.example.demo.aspect.SaludoLog [http-nio-8090-exec-10] <<< Return << listAllUsuarios: list
2021-12-16 18:45:18,819 INFO com.example.demo.aspect.SaludoLog [http-nio-8090-exec-10] execution time: 11 ms
2021-12-16 18:47:23,950 INFO com.example.demo.aspect.SaludoLog [http-nio-8090-exec-9] ---------Starting Interceptor --------------------
2021-12-16 18:47:23,952 INFO com.example.demo.aspect.SaludoLog [http-nio-8090-exec-9] the intercepted method is: listAllUsuarios, of the class: com.example.demo.controllers.ControllerBasic, with the following arguments  >>> ARG: {},
2021-12-16 18:47:23,953 INFO com.example.demo.aspect.SaludoLog [http-nio-8090-exec-9] ---------Starting Interceptor --------------------
2021-12-16 18:47:23,953 INFO com.example.demo.aspect.SaludoLog [http-nio-8090-exec-9] the intercepted method is: listAllUsuario, of the class: com.example.demo.service.Impl.UsuarioServiceImpl, with the following arguments  >>>
2021-12-16 18:47:23,962 INFO com.example.demo.aspect.SaludoLog [http-nio-8090-exec-9] <<< Return << listAllUsuario: [com.example.demo.model.Usuario@18e39b6, com.example.demo.model.Usuario@13b62e2, com.example.demo.model.Usuario@192e25f, com.example.demo.model.Usuario@f3822e, com.example.demo.model.Usuario@9a490f, com.example.demo.model.Usuario@ce13cc, com.example.demo.model.Usuario@6282d0]
2021-12-16 18:47:23,963 INFO com.example.demo.aspect.SaludoLog [http-nio-8090-exec-9] execution time: 10 ms
2021-12-16 18:47:23,963 INFO com.example.demo.aspect.SaludoLog [http-nio-8090-exec-9] <<< Return << listAllUsuarios: list
2021-12-16 18:47:23,964 INFO com.example.demo.aspect.SaludoLog [http-nio-8090-exec-9] execution time: 11 ms
